<?xml version="1.0" encoding="UTF-8"?>
<!-- Generated by org.testng.reporters.JUnitXMLReporter -->
<testsuite ignored="9" hostname="Sewar" failures="0" tests="1" name="Default test" time="10.471" errors="0" timestamp="2025-06-21T02:06:23 EET">
  <testcase classname="DribbleWebsite.DribbleWebsite.AppTest" name="Support" time="7.462"/>
  <testcase classname="DribbleWebsite.DribbleWebsite.AppTest" name="TypeInSearch" time="0.0">
    <ignored/>
  </testcase> <!-- TypeInSearch -->
  <testcase classname="DribbleWebsite.DribbleWebsite.AppTest" name="SaveElementWithoutLogIn" time="0.0">
    <ignored/>
  </testcase> <!-- SaveElementWithoutLogIn -->
  <testcase classname="DribbleWebsite.DribbleWebsite.AppTest" name="PopularButton" time="0.0">
    <ignored/>
  </testcase> <!-- PopularButton -->
  <testcase classname="DribbleWebsite.DribbleWebsite.AppTest" name="TapOnRandomBlog" time="0.0">
    <ignored/>
  </testcase> <!-- TapOnRandomBlog -->
  <testcase classname="DribbleWebsite.DribbleWebsite.AppTest" name="SignUp" time="0.0">
    <ignored/>
  </testcase> <!-- SignUp -->
  <testcase classname="DribbleWebsite.DribbleWebsite.AppTest" name="TypeInSearchGibberish" time="0.0">
    <ignored/>
  </testcase> <!-- TypeInSearchGibberish -->
  <testcase classname="DribbleWebsite.DribbleWebsite.AppTest" name="socialmedealiks" time="0.0">
    <ignored/>
  </testcase> <!-- socialmedealiks -->
  <testcase classname="DribbleWebsite.DribbleWebsite.AppTest" name="Filters" time="0.0">
    <ignored/>
  </testcase> <!-- Filters -->
  <testcase classname="DribbleWebsite.DribbleWebsite.AppTest" name="LoginN" time="0.0">
    <ignored/>
  </testcase> <!-- LoginN -->
</testsuite> <!-- Default test -->
