<?xml version="1.0" encoding="UTF-8"?>
<!-- Generated by org.testng.reporters.JUnitXMLReporter -->
<testsuite ignored="1" hostname="Sewar" failures="0" tests="1" name="Default test" time="13.118" errors="0" timestamp="2025-05-28T03:23:43 EET">
  <testcase classname="DribbleWebsite.DribbleWebsite.AppTest" name="Filters" time="10.201"/>
  <testcase classname="DribbleWebsite.DribbleWebsite.AppTest" name="SignUp" time="0.0">
    <ignored/>
  </testcase> <!-- SignUp -->
</testsuite> <!-- Default test -->
